# JRE version: Java(TM) SE Runtime Environment (8.0_201-b09) (build 1.8.0_201-b09)
# Java VM: Java HotSpot(TM) 64-Bit Server VM (25.201-b09 mixed mode linux-amd64 compressed oops)
Heap:
 PSYoungGen      total 36352K, used 0K [0x00000000d7800000, 0x00000000dbf00000, 0x0000000100000000)
  eden space 31232K, 0% used [0x00000000d7800000,0x00000000d7800000,0x00000000d9680000)
  from space 5120K, 0% used [0x00000000d9680000,0x00000000d9680000,0x00000000d9b80000)
  to   space 5120K, 0% used [0x00000000dba00000,0x00000000dba00000,0x00000000dbf00000)
 ParOldGen       total 40448K, used 6533K [0x0000000086800000, 0x0000000088f80000, 0x00000000d7800000)
  object space 40448K, 16% used [0x0000000086800000,0x0000000086e61510,0x0000000088f80000)
 Metaspace       used 17300K, capacity 18300K, committed 18304K, reserved 1064960K
  class space    used 2511K, capacity 2684K, committed 2688K, reserved 1048576K
GC Heap History (8 events):
Event: 2.225 GC heap before
{Heap before GC invocations=1 (full 0):
 PSYoungGen      total 36352K, used 31232K [0x00000000d7800000, 0x00000000da080000, 0x0000000100000000)
  eden space 31232K, 100% used [0x00000000d7800000,0x00000000d9680000,0x00000000d9680000)
  from space 5120K, 0% used [0x00000000d9b80000,0x00000000d9b80000,0x00000000da080000)
  to   space 5120K, 0% used [0x00000000d9680000,0x00000000d9680000,0x00000000d9b80000)
 ParOldGen       total 83456K, used 0K [0x0000000086800000, 0x000000008b980000, 0x00000000d7800000)
  object space 83456K, 0% used [0x0000000086800000,0x0000000086800000,0x000000008b980000)
 Metaspace       used 12791K, capacity 13260K, committed 13440K, reserved 1060864K
  class space    used 1695K, capacity 1819K, committed 1920K, reserved 1048576K
Event: 2.259 GC heap after
Heap after GC invocations=1 (full 0):
 PSYoungGen      total 36352K, used 3968K [0x00000000d7800000, 0x00000000dbf00000, 0x0000000100000000)
  eden space 31232K, 0% used [0x00000000d7800000,0x00000000d7800000,0x00000000d9680000)
  from space 5120K, 77% used [0x00000000d9680000,0x00000000d9a60060,0x00000000d9b80000)
  to   space 5120K, 0% used [0x00000000dba00000,0x00000000dba00000,0x00000000dbf00000)
 ParOldGen       total 83456K, used 72K [0x0000000086800000, 0x000000008b980000, 0x00000000d7800000)
  object space 83456K, 0% used [0x0000000086800000,0x0000000086812010,0x000000008b980000)
 Metaspace       used 12791K, capacity 13260K, committed 13440K, reserved 1060864K
  class space    used 1695K, capacity 1819K, committed 1920K, reserved 1048576K
}
Event: 13.954 GC heap before
{Heap before GC invocations=2 (full 0):
 PSYoungGen      total 36352K, used 22636K [0x00000000d7800000, 0x00000000dbf00000, 0x0000000100000000)
  eden space 31232K, 59% used [0x00000000d7800000,0x00000000d8a3b078,0x00000000d9680000)
  from space 5120K, 77% used [0x00000000d9680000,0x00000000d9a60060,0x00000000d9b80000)
  to   space 5120K, 0% used [0x00000000dba00000,0x00000000dba00000,0x00000000dbf00000)
 ParOldGen       total 1327104K, used 72K [0x0000000086800000, 0x00000000d7800000, 0x00000000d7800000)
  object space 1327104K, 0% used [0x0000000086800000,0x0000000086812010,0x00000000d7800000)
 Metaspace       used 17300K, capacity 18300K, committed 18304K, reserved 1064960K
  class space    used 2511K, capacity 2684K, committed 2688K, reserved 1048576K
Event: 13.966 GC heap after
Heap after GC invocations=2 (full 0):
 PSYoungGen      total 36352K, used 5088K [0x00000000d7800000, 0x00000000dbf00000, 0x0000000100000000)
  eden space 31232K, 0% used [0x00000000d7800000,0x00000000d7800000,0x00000000d9680000)
  from space 5120K, 99% used [0x00000000dba00000,0x00000000dbef8048,0x00000000dbf00000)
  to   space 5120K, 0% used [0x00000000d9680000,0x00000000d9680000,0x00000000d9b80000)
 ParOldGen       total 1327104K, used 1552K [0x0000000086800000, 0x00000000d7800000, 0x00000000d7800000)
  object space 1327104K, 0% used [0x0000000086800000,0x0000000086984020,0x00000000d7800000)
 Metaspace       used 17300K, capacity 18300K, committed 18304K, reserved 1064960K
  class space    used 2511K, capacity 2684K, committed 2688K, reserved 1048576K
}
Event: 13.966 GC heap before
{Heap before GC invocations=3 (full 0):
 PSYoungGen      total 36352K, used 5088K [0x00000000d7800000, 0x00000000dbf00000, 0x0000000100000000)
  eden space 31232K, 0% used [0x00000000d7800000,0x00000000d7800000,0x00000000d9680000)
  from space 5120K, 99% used [0x00000000dba00000,0x00000000dbef8048,0x00000000dbf00000)
  to   space 5120K, 0% used [0x00000000d9680000,0x00000000d9680000,0x00000000d9b80000)
 ParOldGen       total 1327104K, used 1552K [0x0000000086800000, 0x00000000d7800000, 0x00000000d7800000)
  object space 1327104K, 0% used [0x0000000086800000,0x0000000086984020,0x00000000d7800000)
 Metaspace       used 17300K, capacity 18300K, committed 18304K, reserved 1064960K
  class space    used 2511K, capacity 2684K, committed 2688K, reserved 1048576K
Event: 13.980 GC heap after
Heap after GC invocations=3 (full 0):
 PSYoungGen      total 36352K, used 5104K [0x00000000d7800000, 0x00000000dbf00000, 0x0000000100000000)
  eden space 31232K, 0% used [0x00000000d7800000,0x00000000d7800000,0x00000000d9680000)
  from space 5120K, 99% used [0x00000000d9680000,0x00000000d9b7c058,0x00000000d9b80000)
  to   space 5120K, 0% used [0x00000000dba00000,0x00000000dba00000,0x00000000dbf00000)
 ParOldGen       total 1327104K, used 1568K [0x0000000086800000, 0x00000000d7800000, 0x00000000d7800000)
  object space 1327104K, 0% used [0x0000000086800000,0x0000000086988020,0x00000000d7800000)
 Metaspace       used 17300K, capacity 18300K, committed 18304K, reserved 1064960K
  class space    used 2511K, capacity 2684K, committed 2688K, reserved 1048576K
}
Event: 13.980 GC heap before
{Heap before GC invocations=4 (full 1):
 PSYoungGen      total 36352K, used 5104K [0x00000000d7800000, 0x00000000dbf00000, 0x0000000100000000)
  eden space 31232K, 0% used [0x00000000d7800000,0x00000000d7800000,0x00000000d9680000)
  from space 5120K, 99% used [0x00000000d9680000,0x00000000d9b7c058,0x00000000d9b80000)
  to   space 5120K, 0% used [0x00000000dba00000,0x00000000dba00000,0x00000000dbf00000)
 ParOldGen       total 1327104K, used 1568K [0x0000000086800000, 0x00000000d7800000, 0x00000000d7800000)
  object space 1327104K, 0% used [0x0000000086800000,0x0000000086988020,0x00000000d7800000)
 Metaspace       used 17300K, capacity 18300K, committed 18304K, reserved 1064960K
  class space    used 2511K, capacity 2684K, committed 2688K, reserved 1048576K
Event: 14.042 GC heap after
Heap after GC invocations=4 (full 1):
 PSYoungGen      total 36352K, used 0K [0x00000000d7800000, 0x00000000dbf00000, 0x0000000100000000)
  eden space 31232K, 0% used [0x00000000d7800000,0x00000000d7800000,0x00000000d9680000)
  from space 5120K, 0% used [0x00000000d9680000,0x00000000d9680000,0x00000000d9b80000)
  to   space 5120K, 0% used [0x00000000dba00000,0x00000000dba00000,0x00000000dbf00000)
 ParOldGen       total 40448K, used 6533K [0x0000000086800000, 0x0000000088f80000, 0x00000000d7800000)
  object space 40448K, 16% used [0x0000000086800000,0x0000000086e61510,0x0000000088f80000)
 Metaspace       used 17300K, capacity 18300K, committed 18304K, reserved 1064960K
  class space    used 2511K, capacity 2684K, committed 2688K, reserved 1048576K
}

