# JRE version: Java(TM) SE Runtime Environment (8.0_201-b09) (build 1.8.0_201-b09)
# Java VM: Java HotSpot(TM) 64-Bit Server VM (25.201-b09 mixed mode linux-amd64 compressed oops)
Heap:
 PSYoungGen      total 260096K, used 0K [0x00000000d7800000, 0x00000000ea700000, 0x0000000100000000)
  eden space 251904K, 0% used [0x00000000d7800000,0x00000000d7800000,0x00000000e6e00000)
  from space 8192K, 0% used [0x00000000e7580000,0x00000000e7580000,0x00000000e7d80000)
  to   space 7680K, 0% used [0x00000000e6e00000,0x00000000e6e00000,0x00000000e7580000)
 ParOldGen       total 824320K, used 596549K [0x0000000086800000, 0x00000000b8d00000, 0x00000000d7800000)
  object space 824320K, 72% used [0x0000000086800000,0x00000000aae91668,0x00000000b8d00000)
 Metaspace       used 17487K, capacity 18438K, committed 18688K, reserved 1064960K
  class space    used 2501K, capacity 2736K, committed 2816K, reserved 1048576K
GC Heap History (10 events):
Event: 49.024 GC heap before
{Heap before GC invocations=17 (full 4):
 PSYoungGen      total 175104K, used 169472K [0x00000000d7800000, 0x00000000e2d80000, 0x0000000100000000)
  eden space 169472K, 100% used [0x00000000d7800000,0x00000000e1d80000,0x00000000e1d80000)
  from space 5632K, 0% used [0x00000000e2800000,0x00000000e2800000,0x00000000e2d80000)
  to   space 8192K, 0% used [0x00000000e1d80000,0x00000000e1d80000,0x00000000e2580000)
 ParOldGen       total 1246720K, used 1038892K [0x0000000086800000, 0x00000000d2980000, 0x00000000d7800000)
  object space 1246720K, 83% used [0x0000000086800000,0x00000000c5e8b3e0,0x00000000d2980000)
 Metaspace       used 17487K, capacity 18438K, committed 18688K, reserved 1064960K
  class space    used 2501K, capacity 2736K, committed 2816K, reserved 1048576K
Event: 49.037 GC heap after
Heap after GC invocations=17 (full 4):
 PSYoungGen      total 177664K, used 64K [0x00000000d7800000, 0x00000000e4300000, 0x0000000100000000)
  eden space 169472K, 0% used [0x00000000d7800000,0x00000000d7800000,0x00000000e1d80000)
  from space 8192K, 0% used [0x00000000e1d80000,0x00000000e1d90000,0x00000000e2580000)
  to   space 8192K, 0% used [0x00000000e3b00000,0x00000000e3b00000,0x00000000e4300000)
 ParOldGen       total 1246720K, used 1038900K [0x0000000086800000, 0x00000000d2980000, 0x00000000d7800000)
  object space 1246720K, 83% used [0x0000000086800000,0x00000000c5e8d3e0,0x00000000d2980000)
 Metaspace       used 17487K, capacity 18438K, committed 18688K, reserved 1064960K
  class space    used 2501K, capacity 2736K, committed 2816K, reserved 1048576K
}
Event: 55.309 GC heap before
{Heap before GC invocations=18 (full 4):
 PSYoungGen      total 177664K, used 169536K [0x00000000d7800000, 0x00000000e4300000, 0x0000000100000000)
  eden space 169472K, 100% used [0x00000000d7800000,0x00000000e1d80000,0x00000000e1d80000)
  from space 8192K, 0% used [0x00000000e1d80000,0x00000000e1d90000,0x00000000e2580000)
  to   space 8192K, 0% used [0x00000000e3b00000,0x00000000e3b00000,0x00000000e4300000)
 ParOldGen       total 1246720K, used 1038900K [0x0000000086800000, 0x00000000d2980000, 0x00000000d7800000)
  object space 1246720K, 83% used [0x0000000086800000,0x00000000c5e8d3e0,0x00000000d2980000)
 Metaspace       used 17487K, capacity 18438K, committed 18688K, reserved 1064960K
  class space    used 2501K, capacity 2736K, committed 2816K, reserved 1048576K
Event: 55.338 GC heap after
Heap after GC invocations=18 (full 4):
 PSYoungGen      total 196608K, used 128K [0x00000000d7800000, 0x00000000e4180000, 0x0000000100000000)
  eden space 189952K, 0% used [0x00000000d7800000,0x00000000d7800000,0x00000000e3180000)
  from space 6656K, 1% used [0x00000000e3b00000,0x00000000e3b20000,0x00000000e4180000)
  to   space 8192K, 0% used [0x00000000e3180000,0x00000000e3180000,0x00000000e3980000)
 ParOldGen       total 1246720K, used 1038900K [0x0000000086800000, 0x00000000d2980000, 0x00000000d7800000)
  object space 1246720K, 83% used [0x0000000086800000,0x00000000c5e8d3e0,0x00000000d2980000)
 Metaspace       used 17487K, capacity 18438K, committed 18688K, reserved 1064960K
  class space    used 2501K, capacity 2736K, committed 2816K, reserved 1048576K
}
Event: 56.112 GC heap before
{Heap before GC invocations=19 (full 4):
 PSYoungGen      total 196608K, used 22242K [0x00000000d7800000, 0x00000000e4180000, 0x0000000100000000)
  eden space 189952K, 11% used [0x00000000d7800000,0x00000000d8d98a88,0x00000000e3180000)
  from space 6656K, 1% used [0x00000000e3b00000,0x00000000e3b20000,0x00000000e4180000)
  to   space 8192K, 0% used [0x00000000e3180000,0x00000000e3180000,0x00000000e3980000)
 ParOldGen       total 1327104K, used 1038900K [0x0000000086800000, 0x00000000d7800000, 0x00000000d7800000)
  object space 1327104K, 78% used [0x0000000086800000,0x00000000c5e8d3e0,0x00000000d7800000)
 Metaspace       used 17487K, capacity 18438K, committed 18688K, reserved 1064960K
  class space    used 2501K, capacity 2736K, committed 2816K, reserved 1048576K
Event: 56.192 GC heap after
Heap after GC invocations=19 (full 4):
 PSYoungGen      total 198144K, used 128K [0x00000000d7800000, 0x00000000e7d80000, 0x0000000100000000)
  eden space 189952K, 0% used [0x00000000d7800000,0x00000000d7800000,0x00000000e3180000)
  from space 8192K, 1% used [0x00000000e3180000,0x00000000e31a0000,0x00000000e3980000)
  to   space 8192K, 0% used [0x00000000e7580000,0x00000000e7580000,0x00000000e7d80000)
 ParOldGen       total 1327104K, used 1038900K [0x0000000086800000, 0x00000000d7800000, 0x00000000d7800000)
  object space 1327104K, 78% used [0x0000000086800000,0x00000000c5e8d3e0,0x00000000d7800000)
 Metaspace       used 17487K, capacity 18438K, committed 18688K, reserved 1064960K
  class space    used 2501K, capacity 2736K, committed 2816K, reserved 1048576K
}
Event: 56.192 GC heap before
{Heap before GC invocations=20 (full 4):
 PSYoungGen      total 198144K, used 128K [0x00000000d7800000, 0x00000000e7d80000, 0x0000000100000000)
  eden space 189952K, 0% used [0x00000000d7800000,0x00000000d7800000,0x00000000e3180000)
  from space 8192K, 1% used [0x00000000e3180000,0x00000000e31a0000,0x00000000e3980000)
  to   space 8192K, 0% used [0x00000000e7580000,0x00000000e7580000,0x00000000e7d80000)
 ParOldGen       total 1327104K, used 1038900K [0x0000000086800000, 0x00000000d7800000, 0x00000000d7800000)
  object space 1327104K, 78% used [0x0000000086800000,0x00000000c5e8d3e0,0x00000000d7800000)
 Metaspace       used 17487K, capacity 18438K, committed 18688K, reserved 1064960K
  class space    used 2501K, capacity 2736K, committed 2816K, reserved 1048576K
Event: 56.249 GC heap after
Heap after GC invocations=20 (full 4):
 PSYoungGen      total 260096K, used 96K [0x00000000d7800000, 0x00000000ea700000, 0x0000000100000000)
  eden space 251904K, 0% used [0x00000000d7800000,0x00000000d7800000,0x00000000e6e00000)
  from space 8192K, 1% used [0x00000000e7580000,0x00000000e7598000,0x00000000e7d80000)
  to   space 7680K, 0% used [0x00000000e6e00000,0x00000000e6e00000,0x00000000e7580000)
 ParOldGen       total 1327104K, used 1038900K [0x0000000086800000, 0x00000000d7800000, 0x00000000d7800000)
  object space 1327104K, 78% used [0x0000000086800000,0x00000000c5e8d3e0,0x00000000d7800000)
 Metaspace       used 17487K, capacity 18438K, committed 18688K, reserved 1064960K
  class space    used 2501K, capacity 2736K, committed 2816K, reserved 1048576K
}
Event: 56.249 GC heap before
{Heap before GC invocations=21 (full 5):
 PSYoungGen      total 260096K, used 96K [0x00000000d7800000, 0x00000000ea700000, 0x0000000100000000)
  eden space 251904K, 0% used [0x00000000d7800000,0x00000000d7800000,0x00000000e6e00000)
  from space 8192K, 1% used [0x00000000e7580000,0x00000000e7598000,0x00000000e7d80000)
  to   space 7680K, 0% used [0x00000000e6e00000,0x00000000e6e00000,0x00000000e7580000)
 ParOldGen       total 1327104K, used 1038900K [0x0000000086800000, 0x00000000d7800000, 0x00000000d7800000)
  object space 1327104K, 78% used [0x0000000086800000,0x00000000c5e8d3e0,0x00000000d7800000)
 Metaspace       used 17487K, capacity 18438K, committed 18688K, reserved 1064960K
  class space    used 2501K, capacity 2736K, committed 2816K, reserved 1048576K
Event: 56.549 GC heap after
Heap after GC invocations=21 (full 5):
 PSYoungGen      total 260096K, used 0K [0x00000000d7800000, 0x00000000ea700000, 0x0000000100000000)
  eden space 251904K, 0% used [0x00000000d7800000,0x00000000d7800000,0x00000000e6e00000)
  from space 8192K, 0% used [0x00000000e7580000,0x00000000e7580000,0x00000000e7d80000)
  to   space 7680K, 0% used [0x00000000e6e00000,0x00000000e6e00000,0x00000000e7580000)
 ParOldGen       total 824320K, used 596549K [0x0000000086800000, 0x00000000b8d00000, 0x00000000d7800000)
  object space 824320K, 72% used [0x0000000086800000,0x00000000aae91668,0x00000000b8d00000)
 Metaspace       used 17487K, capacity 18438K, committed 18688K, reserved 1064960K
  class space    used 2501K, capacity 2736K, committed 2816K, reserved 1048576K
}

