# JRE version: Java(TM) SE Runtime Environment (8.0_201-b09) (build 1.8.0_201-b09)
# Java VM: Java HotSpot(TM) 64-Bit Server VM (25.201-b09 mixed mode linux-amd64 compressed oops)
Heap:
 PSYoungGen      total 140288K, used 112171K [0x00000000d7800000, 0x00000000e1180000, 0x0000000100000000)
  eden space 130560K, 85% used [0x00000000d7800000,0x00000000de58afa0,0x00000000df780000)
  from space 9728K, 0% used [0x00000000df780000,0x00000000df780000,0x00000000e0100000)
  to   space 9216K, 0% used [0x00000000e0880000,0x00000000e0880000,0x00000000e1180000)
 ParOldGen       total 730112K, used 596198K [0x0000000086800000, 0x00000000b3100000, 0x00000000d7800000)
  object space 730112K, 81% used [0x0000000086800000,0x00000000aae39ac8,0x00000000b3100000)
 Metaspace       used 16883K, capacity 17820K, committed 18048K, reserved 1064960K
  class space    used 2453K, capacity 2665K, committed 2688K, reserved 1048576K
GC Heap History (10 events):
Event: 37.359 GC heap before
{Heap before GC invocations=15 (full 2):
 PSYoungGen      total 112128K, used 104448K [0x00000000d7800000, 0x00000000df400000, 0x0000000100000000)
  eden space 104448K, 100% used [0x00000000d7800000,0x00000000dde00000,0x00000000dde00000)
  from space 7680K, 0% used [0x00000000dec80000,0x00000000dec80000,0x00000000df400000)
  to   space 11264K, 0% used [0x00000000dde00000,0x00000000dde00000,0x00000000de900000)
 ParOldGen       total 730112K, used 596198K [0x0000000086800000, 0x00000000b3100000, 0x00000000d7800000)
  object space 730112K, 81% used [0x0000000086800000,0x00000000aae39ac8,0x00000000b3100000)
 Metaspace       used 16883K, capacity 17820K, committed 18048K, reserved 1064960K
  class space    used 2453K, capacity 2665K, committed 2688K, reserved 1048576K
Event: 37.363 GC heap after
Heap after GC invocations=15 (full 2):
 PSYoungGen      total 115712K, used 0K [0x00000000d7800000, 0x00000000e0180000, 0x0000000100000000)
  eden space 104448K, 0% used [0x00000000d7800000,0x00000000d7800000,0x00000000dde00000)
  from space 11264K, 0% used [0x00000000dde00000,0x00000000dde00000,0x00000000de900000)
  to   space 10752K, 0% used [0x00000000df700000,0x00000000df700000,0x00000000e0180000)
 ParOldGen       total 730112K, used 596198K [0x0000000086800000, 0x00000000b3100000, 0x00000000d7800000)
  object space 730112K, 81% used [0x0000000086800000,0x00000000aae39ac8,0x00000000b3100000)
 Metaspace       used 16883K, capacity 17820K, committed 18048K, reserved 1064960K
  class space    used 2453K, capacity 2665K, committed 2688K, reserved 1048576K
}
Event: 39.152 GC heap before
{Heap before GC invocations=16 (full 2):
 PSYoungGen      total 115712K, used 104448K [0x00000000d7800000, 0x00000000e0180000, 0x0000000100000000)
  eden space 104448K, 100% used [0x00000000d7800000,0x00000000dde00000,0x00000000dde00000)
  from space 11264K, 0% used [0x00000000dde00000,0x00000000dde00000,0x00000000de900000)
  to   space 10752K, 0% used [0x00000000df700000,0x00000000df700000,0x00000000e0180000)
 ParOldGen       total 730112K, used 596198K [0x0000000086800000, 0x00000000b3100000, 0x00000000d7800000)
  object space 730112K, 81% used [0x0000000086800000,0x00000000aae39ac8,0x00000000b3100000)
 Metaspace       used 16883K, capacity 17820K, committed 18048K, reserved 1064960K
  class space    used 2453K, capacity 2665K, committed 2688K, reserved 1048576K
Event: 39.156 GC heap after
Heap after GC invocations=16 (full 2):
 PSYoungGen      total 128000K, used 32K [0x00000000d7800000, 0x00000000e0080000, 0x0000000100000000)
  eden space 118272K, 0% used [0x00000000d7800000,0x00000000d7800000,0x00000000deb80000)
  from space 9728K, 0% used [0x00000000df700000,0x00000000df708000,0x00000000e0080000)
  to   space 10752K, 0% used [0x00000000deb80000,0x00000000deb80000,0x00000000df600000)
 ParOldGen       total 730112K, used 596198K [0x0000000086800000, 0x00000000b3100000, 0x00000000d7800000)
  object space 730112K, 81% used [0x0000000086800000,0x00000000aae39ac8,0x00000000b3100000)
 Metaspace       used 16883K, capacity 17820K, committed 18048K, reserved 1064960K
  class space    used 2453K, capacity 2665K, committed 2688K, reserved 1048576K
}
Event: 41.550 GC heap before
{Heap before GC invocations=17 (full 2):
 PSYoungGen      total 128000K, used 118304K [0x00000000d7800000, 0x00000000e0080000, 0x0000000100000000)
  eden space 118272K, 100% used [0x00000000d7800000,0x00000000deb80000,0x00000000deb80000)
  from space 9728K, 0% used [0x00000000df700000,0x00000000df708000,0x00000000e0080000)
  to   space 10752K, 0% used [0x00000000deb80000,0x00000000deb80000,0x00000000df600000)
 ParOldGen       total 730112K, used 596198K [0x0000000086800000, 0x00000000b3100000, 0x00000000d7800000)
  object space 730112K, 81% used [0x0000000086800000,0x00000000aae39ac8,0x00000000b3100000)
 Metaspace       used 16883K, capacity 17820K, committed 18048K, reserved 1064960K
  class space    used 2453K, capacity 2665K, committed 2688K, reserved 1048576K
Event: 41.553 GC heap after
Heap after GC invocations=17 (full 2):
 PSYoungGen      total 129024K, used 0K [0x00000000d7800000, 0x00000000e0d00000, 0x0000000100000000)
  eden space 118272K, 0% used [0x00000000d7800000,0x00000000d7800000,0x00000000deb80000)
  from space 10752K, 0% used [0x00000000deb80000,0x00000000deb80000,0x00000000df600000)
  to   space 10240K, 0% used [0x00000000e0300000,0x00000000e0300000,0x00000000e0d00000)
 ParOldGen       total 730112K, used 596198K [0x0000000086800000, 0x00000000b3100000, 0x00000000d7800000)
  object space 730112K, 81% used [0x0000000086800000,0x00000000aae39ac8,0x00000000b3100000)
 Metaspace       used 16883K, capacity 17820K, committed 18048K, reserved 1064960K
  class space    used 2453K, capacity 2665K, committed 2688K, reserved 1048576K
}
Event: 43.988 GC heap before
{Heap before GC invocations=18 (full 2):
 PSYoungGen      total 129024K, used 118272K [0x00000000d7800000, 0x00000000e0d00000, 0x0000000100000000)
  eden space 118272K, 100% used [0x00000000d7800000,0x00000000deb80000,0x00000000deb80000)
  from space 10752K, 0% used [0x00000000deb80000,0x00000000deb80000,0x00000000df600000)
  to   space 10240K, 0% used [0x00000000e0300000,0x00000000e0300000,0x00000000e0d00000)
 ParOldGen       total 730112K, used 596198K [0x0000000086800000, 0x00000000b3100000, 0x00000000d7800000)
  object space 730112K, 81% used [0x0000000086800000,0x00000000aae39ac8,0x00000000b3100000)
 Metaspace       used 16883K, capacity 17820K, committed 18048K, reserved 1064960K
  class space    used 2453K, capacity 2665K, committed 2688K, reserved 1048576K
Event: 43.991 GC heap after
Heap after GC invocations=18 (full 2):
 PSYoungGen      total 138240K, used 32K [0x00000000d7800000, 0x00000000e0a80000, 0x0000000100000000)
  eden space 130560K, 0% used [0x00000000d7800000,0x00000000d7800000,0x00000000df780000)
  from space 7680K, 0% used [0x00000000e0300000,0x00000000e0308000,0x00000000e0a80000)
  to   space 9728K, 0% used [0x00000000df780000,0x00000000df780000,0x00000000e0100000)
 ParOldGen       total 730112K, used 596198K [0x0000000086800000, 0x00000000b3100000, 0x00000000d7800000)
  object space 730112K, 81% used [0x0000000086800000,0x00000000aae39ac8,0x00000000b3100000)
 Metaspace       used 16883K, capacity 17820K, committed 18048K, reserved 1064960K
  class space    used 2453K, capacity 2665K, committed 2688K, reserved 1048576K
}
Event: 46.696 GC heap before
{Heap before GC invocations=19 (full 2):
 PSYoungGen      total 138240K, used 130592K [0x00000000d7800000, 0x00000000e0a80000, 0x0000000100000000)
  eden space 130560K, 100% used [0x00000000d7800000,0x00000000df780000,0x00000000df780000)
  from space 7680K, 0% used [0x00000000e0300000,0x00000000e0308000,0x00000000e0a80000)
  to   space 9728K, 0% used [0x00000000df780000,0x00000000df780000,0x00000000e0100000)
 ParOldGen       total 730112K, used 596198K [0x0000000086800000, 0x00000000b3100000, 0x00000000d7800000)
  object space 730112K, 81% used [0x0000000086800000,0x00000000aae39ac8,0x00000000b3100000)
 Metaspace       used 16883K, capacity 17820K, committed 18048K, reserved 1064960K
  class space    used 2453K, capacity 2665K, committed 2688K, reserved 1048576K
Event: 46.699 GC heap after
Heap after GC invocations=19 (full 2):
 PSYoungGen      total 140288K, used 0K [0x00000000d7800000, 0x00000000e1180000, 0x0000000100000000)
  eden space 130560K, 0% used [0x00000000d7800000,0x00000000d7800000,0x00000000df780000)
  from space 9728K, 0% used [0x00000000df780000,0x00000000df780000,0x00000000e0100000)
  to   space 9216K, 0% used [0x00000000e0880000,0x00000000e0880000,0x00000000e1180000)
 ParOldGen       total 730112K, used 596198K [0x0000000086800000, 0x00000000b3100000, 0x00000000d7800000)
  object space 730112K, 81% used [0x0000000086800000,0x00000000aae39ac8,0x00000000b3100000)
 Metaspace       used 16883K, capacity 17820K, committed 18048K, reserved 1064960K
  class space    used 2453K, capacity 2665K, committed 2688K, reserved 1048576K
}

