# JRE version: Java(TM) SE Runtime Environment (8.0_201-b09) (build 1.8.0_201-b09)
# Java VM: Java HotSpot(TM) 64-Bit Server VM (25.201-b09 mixed mode linux-amd64 compressed oops)
Heap:
 PSYoungGen      total 421376K, used 544K [0x00000000d7800000, 0x00000000f3900000, 0x0000000100000000)
  eden space 382976K, 0% used [0x00000000d7800000,0x00000000d7800000,0x00000000eee00000)
  from space 38400K, 1% used [0x00000000eee00000,0x00000000eee88000,0x00000000f1380000)
  to   space 35328K, 0% used [0x00000000f1680000,0x00000000f1680000,0x00000000f3900000)
 ParOldGen       total 1327104K, used 1112160K [0x0000000086800000, 0x00000000d7800000, 0x00000000d7800000)
  object space 1327104K, 83% used [0x0000000086800000,0x00000000ca618280,0x00000000d7800000)
 Metaspace       used 17745K, capacity 18680K, committed 18944K, reserved 1064960K
  class space    used 2497K, capacity 2731K, committed 2816K, reserved 1048576K
GC Heap History (10 events):
Event: 12.515 GC heap after
Heap after GC invocations=8 (full 2):
 PSYoungGen      total 230400K, used 32K [0x00000000d7800000, 0x00000000e9780000, 0x0000000100000000)
  eden space 203264K, 0% used [0x00000000d7800000,0x00000000d7800000,0x00000000e3e80000)
  from space 27136K, 0% used [0x00000000e7d00000,0x00000000e7d08000,0x00000000e9780000)
  to   space 45568K, 0% used [0x00000000e3e80000,0x00000000e3e80000,0x00000000e6b00000)
 ParOldGen       total 355328K, used 227408K [0x0000000086800000, 0x000000009c300000, 0x00000000d7800000)
  object space 355328K, 63% used [0x0000000086800000,0x0000000094614260,0x000000009c300000)
 Metaspace       used 16492K, capacity 17330K, committed 17536K, reserved 1064960K
  class space    used 2387K, capacity 2568K, committed 2688K, reserved 1048576K
}
Event: 19.163 GC heap before
{Heap before GC invocations=9 (full 2):
 PSYoungGen      total 230400K, used 203296K [0x00000000d7800000, 0x00000000e9780000, 0x0000000100000000)
  eden space 203264K, 100% used [0x00000000d7800000,0x00000000e3e80000,0x00000000e3e80000)
  from space 27136K, 0% used [0x00000000e7d00000,0x00000000e7d08000,0x00000000e9780000)
  to   space 45568K, 0% used [0x00000000e3e80000,0x00000000e3e80000,0x00000000e6b00000)
 ParOldGen       total 650752K, used 522320K [0x0000000086800000, 0x00000000ae380000, 0x00000000d7800000)
  object space 650752K, 80% used [0x0000000086800000,0x00000000a6614270,0x00000000ae380000)
 Metaspace       used 17319K, capacity 18224K, committed 18432K, reserved 1064960K
  class space    used 2497K, capacity 2731K, committed 2816K, reserved 1048576K
Event: 19.172 GC heap after
Heap after GC invocations=9 (full 2):
 PSYoungGen      total 248832K, used 576K [0x00000000d7800000, 0x00000000f0280000, 0x0000000100000000)
  eden space 203264K, 0% used [0x00000000d7800000,0x00000000d7800000,0x00000000e3e80000)
  from space 45568K, 1% used [0x00000000e3e80000,0x00000000e3f10000,0x00000000e6b00000)
  to   space 43520K, 0% used [0x00000000ed800000,0x00000000ed800000,0x00000000f0280000)
 ParOldGen       total 650752K, used 522328K [0x0000000086800000, 0x00000000ae380000, 0x00000000d7800000)
  object space 650752K, 80% used [0x0000000086800000,0x00000000a6616270,0x00000000ae380000)
 Metaspace       used 17319K, capacity 18224K, committed 18432K, reserved 1064960K
  class space    used 2497K, capacity 2731K, committed 2816K, reserved 1048576K
}
Event: 25.814 GC heap before
{Heap before GC invocations=10 (full 2):
 PSYoungGen      total 248832K, used 203840K [0x00000000d7800000, 0x00000000f0280000, 0x0000000100000000)
  eden space 203264K, 100% used [0x00000000d7800000,0x00000000e3e80000,0x00000000e3e80000)
  from space 45568K, 1% used [0x00000000e3e80000,0x00000000e3f10000,0x00000000e6b00000)
  to   space 43520K, 0% used [0x00000000ed800000,0x00000000ed800000,0x00000000f0280000)
 ParOldGen       total 1241088K, used 1112152K [0x0000000086800000, 0x00000000d2400000, 0x00000000d7800000)
  object space 1241088K, 89% used [0x0000000086800000,0x00000000ca616280,0x00000000d2400000)
 Metaspace       used 17404K, capacity 18360K, committed 18688K, reserved 1064960K
  class space    used 2497K, capacity 2731K, committed 2816K, reserved 1048576K
Event: 25.843 GC heap after
Heap after GC invocations=10 (full 2):
 PSYoungGen      total 331776K, used 530K [0x00000000d7800000, 0x00000000ef280000, 0x0000000100000000)
  eden space 304640K, 0% used [0x00000000d7800000,0x00000000d7800000,0x00000000ea180000)
  from space 27136K, 1% used [0x00000000ed800000,0x00000000ed884a80,0x00000000ef280000)
  to   space 41472K, 0% used [0x00000000ea180000,0x00000000ea180000,0x00000000eca00000)
 ParOldGen       total 1241088K, used 1112152K [0x0000000086800000, 0x00000000d2400000, 0x00000000d7800000)
  object space 1241088K, 89% used [0x0000000086800000,0x00000000ca616280,0x00000000d2400000)
 Metaspace       used 17404K, capacity 18360K, committed 18688K, reserved 1064960K
  class space    used 2497K, capacity 2731K, committed 2816K, reserved 1048576K
}
Event: 35.706 GC heap before
{Heap before GC invocations=11 (full 2):
 PSYoungGen      total 331776K, used 305170K [0x00000000d7800000, 0x00000000ef280000, 0x0000000100000000)
  eden space 304640K, 100% used [0x00000000d7800000,0x00000000ea180000,0x00000000ea180000)
  from space 27136K, 1% used [0x00000000ed800000,0x00000000ed884a80,0x00000000ef280000)
  to   space 41472K, 0% used [0x00000000ea180000,0x00000000ea180000,0x00000000eca00000)
 ParOldGen       total 1241088K, used 1112152K [0x0000000086800000, 0x00000000d2400000, 0x00000000d7800000)
  object space 1241088K, 89% used [0x0000000086800000,0x00000000ca616280,0x00000000d2400000)
 Metaspace       used 17745K, capacity 18680K, committed 18944K, reserved 1064960K
  class space    used 2497K, capacity 2731K, committed 2816K, reserved 1048576K
Event: 35.729 GC heap after
Heap after GC invocations=11 (full 2):
 PSYoungGen      total 346112K, used 626K [0x00000000d7800000, 0x00000000f3d80000, 0x0000000100000000)
  eden space 304640K, 0% used [0x00000000d7800000,0x00000000d7800000,0x00000000ea180000)
  from space 41472K, 1% used [0x00000000ea180000,0x00000000ea21ca80,0x00000000eca00000)
  to   space 39936K, 0% used [0x00000000f1680000,0x00000000f1680000,0x00000000f3d80000)
 ParOldGen       total 1241088K, used 1112160K [0x0000000086800000, 0x00000000d2400000, 0x00000000d7800000)
  object space 1241088K, 89% used [0x0000000086800000,0x00000000ca618280,0x00000000d2400000)
 Metaspace       used 17745K, capacity 18680K, committed 18944K, reserved 1064960K
  class space    used 2497K, capacity 2731K, committed 2816K, reserved 1048576K
}
Event: 37.692 GC heap before
{Heap before GC invocations=12 (full 2):
 PSYoungGen      total 346112K, used 65554K [0x00000000d7800000, 0x00000000f3d80000, 0x0000000100000000)
  eden space 304640K, 21% used [0x00000000d7800000,0x00000000db767fe0,0x00000000ea180000)
  from space 41472K, 1% used [0x00000000ea180000,0x00000000ea21ca80,0x00000000eca00000)
  to   space 39936K, 0% used [0x00000000f1680000,0x00000000f1680000,0x00000000f3d80000)
 ParOldGen       total 1327104K, used 1112160K [0x0000000086800000, 0x00000000d7800000, 0x00000000d7800000)
  object space 1327104K, 83% used [0x0000000086800000,0x00000000ca618280,0x00000000d7800000)
 Metaspace       used 17745K, capacity 18680K, committed 18944K, reserved 1064960K
  class space    used 2497K, capacity 2731K, committed 2816K, reserved 1048576K
Event: 37.728 GC heap after
Heap after GC invocations=12 (full 2):
 PSYoungGen      total 418304K, used 594K [0x00000000d7800000, 0x00000000f3900000, 0x0000000100000000)
  eden space 382976K, 0% used [0x00000000d7800000,0x00000000d7800000,0x00000000eee00000)
  from space 35328K, 1% used [0x00000000f1680000,0x00000000f1714a80,0x00000000f3900000)
  to   space 38400K, 0% used [0x00000000eee00000,0x00000000eee00000,0x00000000f1380000)
 ParOldGen       total 1327104K, used 1112160K [0x0000000086800000, 0x00000000d7800000, 0x00000000d7800000)
  object space 1327104K, 83% used [0x0000000086800000,0x00000000ca618280,0x00000000d7800000)
 Metaspace       used 17745K, capacity 18680K, committed 18944K, reserved 1064960K
  class space    used 2497K, capacity 2731K, committed 2816K, reserved 1048576K
}
Event: 37.729 GC heap before
{Heap before GC invocations=13 (full 2):
 PSYoungGen      total 418304K, used 594K [0x00000000d7800000, 0x00000000f3900000, 0x0000000100000000)
  eden space 382976K, 0% used [0x00000000d7800000,0x00000000d7800000,0x00000000eee00000)
  from space 35328K, 1% used [0x00000000f1680000,0x00000000f1714a80,0x00000000f3900000)
  to   space 38400K, 0% used [0x00000000eee00000,0x00000000eee00000,0x00000000f1380000)
 ParOldGen       total 1327104K, used 1112160K [0x0000000086800000, 0x00000000d7800000, 0x00000000d7800000)
  object space 1327104K, 83% used [0x0000000086800000,0x00000000ca618280,0x00000000d7800000)
 Metaspace       used 17745K, capacity 18680K, committed 18944K, reserved 1064960K
  class space    used 2497K, capacity 2731K, committed 2816K, reserved 1048576K

